{"uid":"855f0a862439771b","name":"Verify object details recieved using ID","fullName":"demoTest/Features/APITestRestSharp/Verify object details recieved using ID","historyId":"c86a355039518090f97c3838024b40f7","time":{"start":1731482213918,"stop":1731482214916,"duration":998},"status":"failed","statusMessage":"  Incorrect name value found in response\r\n  Expected string length 7 but was 22. Strings differ at index 7.\r\n  Expected: \"Samsung\"\r\n  But was:  \"Samsung Galaxy Z Fold2\"\r\n  ------------------^\r\n","statusTrace":"NUnit.Framework.AssertionException:   Incorrect name value found in response\r\n  Expected string length 7 but was 22. Strings differ at index 7.\r\n  Expected: \"Samsung\"\r\n  But was:  \"Samsung Galaxy Z Fold2\"\r\n  ------------------^\r\n\r\n   at NUnit.Framework.Assert.ReportFailure(String message)\r\n   at NUnit.Framework.Assert.ReportFailure(ConstraintResult result, String message, Object[] args)\r\n   at NUnit.Framework.Assert.That[TActual](TActual actual, IResolveConstraint expression, String message, Object[] args)\r\n   at NUnit.Framework.Assert.AreEqual(Object expected, Object actual, String message, Object[] args)\r\n   at demoTest.StepDefinitions.APITestStepDefinitionsRestSharp.ThenUserShouldRecieveObjectWithNameAndStatusCode(String name, Int32 statusCode) in C:\\Users\\vasudev.singh\\source\\repos\\demoTest\\demoTest\\StepDefinitions\\APITestStepDefinitionsRestSharp.cs:line 76\r\n   at TechTalk.SpecFlow.Bindings.BindingInvoker.InvokeBinding(IBinding binding, IContextManager contextManager, Object[] arguments, ITestTracer testTracer, TimeSpan& duration)\r\n   at Allure.SpecFlowPlugin.AllureBindingInvoker.InvokeBinding(IBinding binding, IContextManager contextManager, Object[] arguments, ITestTracer testTracer, TimeSpan& duration)\r\n   at TechTalk.SpecFlow.Infrastructure.TestExecutionEngine.ExecuteStepMatch(BindingMatch match, Object[] arguments, TimeSpan& duration)\r\n   at TechTalk.SpecFlow.Infrastructure.TestExecutionEngine.ExecuteStep(IContextManager contextManager, StepInstance stepInstance)","flaky":false,"newFailed":false,"newBroken":false,"newPassed":false,"retriesCount":0,"retriesStatusChange":false,"beforeStages":[{"name":"BeforeFeature [10000]","time":{"start":1731482213029,"stop":1731482213029,"duration":0},"status":"passed","steps":[],"attachments":[],"parameters":[],"attachmentsCount":0,"shouldDisplayMessage":false,"stepsCount":0,"attachmentStep":false,"hasContent":false},{"name":"FirstBeforeScenario [1]","time":{"start":1731482213918,"stop":1731482213918,"duration":0},"status":"passed","steps":[],"attachments":[],"parameters":[],"attachmentsCount":0,"shouldDisplayMessage":false,"stepsCount":0,"attachmentStep":false,"hasContent":false}],"testStage":{"status":"failed","statusMessage":"  Incorrect name value found in response\r\n  Expected string length 7 but was 22. Strings differ at index 7.\r\n  Expected: \"Samsung\"\r\n  But was:  \"Samsung Galaxy Z Fold2\"\r\n  ------------------^\r\n","statusTrace":"NUnit.Framework.AssertionException:   Incorrect name value found in response\r\n  Expected string length 7 but was 22. Strings differ at index 7.\r\n  Expected: \"Samsung\"\r\n  But was:  \"Samsung Galaxy Z Fold2\"\r\n  ------------------^\r\n\r\n   at NUnit.Framework.Assert.ReportFailure(String message)\r\n   at NUnit.Framework.Assert.ReportFailure(ConstraintResult result, String message, Object[] args)\r\n   at NUnit.Framework.Assert.That[TActual](TActual actual, IResolveConstraint expression, String message, Object[] args)\r\n   at NUnit.Framework.Assert.AreEqual(Object expected, Object actual, String message, Object[] args)\r\n   at demoTest.StepDefinitions.APITestStepDefinitionsRestSharp.ThenUserShouldRecieveObjectWithNameAndStatusCode(String name, Int32 statusCode) in C:\\Users\\vasudev.singh\\source\\repos\\demoTest\\demoTest\\StepDefinitions\\APITestStepDefinitionsRestSharp.cs:line 76\r\n   at TechTalk.SpecFlow.Bindings.BindingInvoker.InvokeBinding(IBinding binding, IContextManager contextManager, Object[] arguments, ITestTracer testTracer, TimeSpan& duration)\r\n   at Allure.SpecFlowPlugin.AllureBindingInvoker.InvokeBinding(IBinding binding, IContextManager contextManager, Object[] arguments, ITestTracer testTracer, TimeSpan& duration)\r\n   at TechTalk.SpecFlow.Infrastructure.TestExecutionEngine.ExecuteStepMatch(BindingMatch match, Object[] arguments, TimeSpan& duration)\r\n   at TechTalk.SpecFlow.Infrastructure.TestExecutionEngine.ExecuteStep(IContextManager contextManager, StepInstance stepInstance)","steps":[{"name":"Given  User has an ID 5 to request for objects","time":{"start":1731482213918,"stop":1731482213918,"duration":0},"status":"passed","steps":[],"attachments":[],"parameters":[{"name":"ID","value":"5"},{"name":"Request URI","value":"https://api.restful-api.dev/objects/5"}],"attachmentsCount":0,"shouldDisplayMessage":false,"stepsCount":0,"attachmentStep":false,"hasContent":true},{"name":"When  User requests details using endpoint and ID 5","time":{"start":1731482213918,"stop":1731482214912,"duration":994},"status":"passed","steps":[],"attachments":[],"parameters":[{"name":"Response Status","value":"OK"},{"name":"Response Body","value":"{\"id\":\"5\",\"name\":\"Samsung Galaxy Z Fold2\",\"data\":{\"price\":689.99,\"color\":\"Brown\"}}"}],"attachmentsCount":0,"shouldDisplayMessage":false,"stepsCount":0,"attachmentStep":false,"hasContent":true},{"name":"Then  User should recieve object details with name as Samsung and status code 200","time":{"start":1731482214913,"stop":1731482214915,"duration":2},"status":"failed","statusMessage":"  Incorrect name value found in response\r\n  Expected string length 7 but was 22. Strings differ at index 7.\r\n  Expected: \"Samsung\"\r\n  But was:  \"Samsung Galaxy Z Fold2\"\r\n  ------------------^\r\n","statusTrace":"NUnit.Framework.AssertionException:   Incorrect name value found in response\r\n  Expected string length 7 but was 22. Strings differ at index 7.\r\n  Expected: \"Samsung\"\r\n  But was:  \"Samsung Galaxy Z Fold2\"\r\n  ------------------^\r\n\r\n   at NUnit.Framework.Assert.ReportFailure(String message)\r\n   at NUnit.Framework.Assert.ReportFailure(ConstraintResult result, String message, Object[] args)\r\n   at NUnit.Framework.Assert.That[TActual](TActual actual, IResolveConstraint expression, String message, Object[] args)\r\n   at NUnit.Framework.Assert.AreEqual(Object expected, Object actual, String message, Object[] args)\r\n   at demoTest.StepDefinitions.APITestStepDefinitionsRestSharp.ThenUserShouldRecieveObjectWithNameAndStatusCode(String name, Int32 statusCode) in C:\\Users\\vasudev.singh\\source\\repos\\demoTest\\demoTest\\StepDefinitions\\APITestStepDefinitionsRestSharp.cs:line 76\r\n   at TechTalk.SpecFlow.Bindings.BindingInvoker.InvokeBinding(IBinding binding, IContextManager contextManager, Object[] arguments, ITestTracer testTracer, TimeSpan& duration)\r\n   at Allure.SpecFlowPlugin.AllureBindingInvoker.InvokeBinding(IBinding binding, IContextManager contextManager, Object[] arguments, ITestTracer testTracer, TimeSpan& duration)\r\n   at TechTalk.SpecFlow.Infrastructure.TestExecutionEngine.ExecuteStepMatch(BindingMatch match, Object[] arguments, TimeSpan& duration)\r\n   at TechTalk.SpecFlow.Infrastructure.TestExecutionEngine.ExecuteStep(IContextManager contextManager, StepInstance stepInstance)","steps":[],"attachments":[],"parameters":[],"attachmentsCount":0,"shouldDisplayMessage":true,"stepsCount":0,"attachmentStep":false,"hasContent":true}],"attachments":[],"parameters":[],"attachmentsCount":0,"shouldDisplayMessage":false,"stepsCount":3,"attachmentStep":false,"hasContent":true},"afterStages":[{"name":"AfterScenario [10000]","time":{"start":1731482214916,"stop":1731482214916,"duration":0},"status":"passed","steps":[],"attachments":[],"parameters":[],"attachmentsCount":0,"shouldDisplayMessage":false,"stepsCount":0,"attachmentStep":false,"hasContent":false},{"name":"AfterFeature [10000]","time":{"start":1731482216585,"stop":1731482216585,"duration":0},"status":"passed","steps":[],"attachments":[],"parameters":[],"attachmentsCount":0,"shouldDisplayMessage":false,"stepsCount":0,"attachmentStep":false,"hasContent":false}],"labels":[{"name":"thread","value":"ParallelWorker#1"},{"name":"host","value":"SDET-LT88"},{"name":"language","value":"C#"},{"name":"framework","value":"SpecFlow"},{"name":"feature","value":"APITestRestSharp"},{"name":"tag","value":"ApiTest"},{"name":"resultFormat","value":"allure2"}],"parameters":[{"name":"Endpoint","value":"\"objects\""},{"name":"ID","value":"\"5\""},{"name":"Name","value":"\"Samsung\""},{"name":"StatusCode","value":"\"200\""}],"links":[],"hidden":false,"retry":false,"extra":{"severity":"normal","retries":[],"categories":[{"name":"Product defects","matchedStatuses":[],"flaky":false}],"tags":["ApiTest"]},"source":"855f0a862439771b.json","parameterValues":["\"objects\"","\"5\"","\"Samsung\"","\"200\""]}