{"uid":"9801db53427d4a03","name":"Verify user is able to create new object","fullName":"demoTest/Features/APITest/Verify user is able to create new object","historyId":"dfc0745d80e5aa45f58bdff87f328e90","time":{"start":1730982467766,"stop":1730982468995,"duration":1229},"status":"failed","statusMessage":"  Received Incorrect Status Code: 200\r\n  Expected: 400\r\n  But was:  200\r\n","statusTrace":"NUnit.Framework.AssertionException:   Received Incorrect Status Code: 200\r\n  Expected: 400\r\n  But was:  200\r\n\r\n   at NUnit.Framework.Assert.ReportFailure(String message)\r\n   at NUnit.Framework.Assert.ReportFailure(ConstraintResult result, String message, Object[] args)\r\n   at NUnit.Framework.Assert.That[TActual](TActual actual, IResolveConstraint expression, String message, Object[] args)\r\n   at NUnit.Framework.Assert.AreEqual(Object expected, Object actual, String message, Object[] args)\r\n   at demoTest.StepDefinitions.APITestStepDefinitions.user_verifies_object_is_created(String color, Int32 statusCode) in C:\\Users\\vasudev.singh\\source\\repos\\demoTest\\demoTest\\StepDefinitions\\APITestStepDefinitions.cs:line 95\r\n   at TechTalk.SpecFlow.Bindings.BindingInvoker.InvokeBinding(IBinding binding, IContextManager contextManager, Object[] arguments, ITestTracer testTracer, TimeSpan& duration)\r\n   at Allure.SpecFlowPlugin.AllureBindingInvoker.InvokeBinding(IBinding binding, IContextManager contextManager, Object[] arguments, ITestTracer testTracer, TimeSpan& duration)\r\n   at TechTalk.SpecFlow.Infrastructure.TestExecutionEngine.ExecuteStepMatch(BindingMatch match, Object[] arguments, TimeSpan& duration)\r\n   at TechTalk.SpecFlow.Infrastructure.TestExecutionEngine.ExecuteStep(IContextManager contextManager, StepInstance stepInstance)","flaky":false,"newFailed":false,"newBroken":false,"newPassed":false,"retriesCount":0,"retriesStatusChange":false,"beforeStages":[{"name":"BeforeFeature [10000]","time":{"start":1730982451238,"stop":1730982451240,"duration":2},"status":"passed","steps":[],"attachments":[],"parameters":[],"attachmentStep":false,"hasContent":false,"stepsCount":0,"attachmentsCount":0,"shouldDisplayMessage":false},{"name":"FirstBeforeScenario [1]","time":{"start":1730982465672,"stop":1730982467766,"duration":2094},"status":"passed","steps":[],"attachments":[],"parameters":[],"attachmentStep":false,"hasContent":false,"stepsCount":0,"attachmentsCount":0,"shouldDisplayMessage":false}],"testStage":{"status":"failed","statusMessage":"  Received Incorrect Status Code: 200\r\n  Expected: 400\r\n  But was:  200\r\n","statusTrace":"NUnit.Framework.AssertionException:   Received Incorrect Status Code: 200\r\n  Expected: 400\r\n  But was:  200\r\n\r\n   at NUnit.Framework.Assert.ReportFailure(String message)\r\n   at NUnit.Framework.Assert.ReportFailure(ConstraintResult result, String message, Object[] args)\r\n   at NUnit.Framework.Assert.That[TActual](TActual actual, IResolveConstraint expression, String message, Object[] args)\r\n   at NUnit.Framework.Assert.AreEqual(Object expected, Object actual, String message, Object[] args)\r\n   at demoTest.StepDefinitions.APITestStepDefinitions.user_verifies_object_is_created(String color, Int32 statusCode) in C:\\Users\\vasudev.singh\\source\\repos\\demoTest\\demoTest\\StepDefinitions\\APITestStepDefinitions.cs:line 95\r\n   at TechTalk.SpecFlow.Bindings.BindingInvoker.InvokeBinding(IBinding binding, IContextManager contextManager, Object[] arguments, ITestTracer testTracer, TimeSpan& duration)\r\n   at Allure.SpecFlowPlugin.AllureBindingInvoker.InvokeBinding(IBinding binding, IContextManager contextManager, Object[] arguments, ITestTracer testTracer, TimeSpan& duration)\r\n   at TechTalk.SpecFlow.Infrastructure.TestExecutionEngine.ExecuteStepMatch(BindingMatch match, Object[] arguments, TimeSpan& duration)\r\n   at TechTalk.SpecFlow.Infrastructure.TestExecutionEngine.ExecuteStep(IContextManager contextManager, StepInstance stepInstance)","steps":[{"name":"Given  User has new object parameters as Grey and 256","time":{"start":1730982467766,"stop":1730982467766,"duration":0},"status":"passed","steps":[],"attachments":[],"parameters":[{"name":"Color","value":"Grey"},{"name":"Capacity","value":"256"}],"attachmentStep":false,"hasContent":true,"stepsCount":0,"attachmentsCount":0,"shouldDisplayMessage":false},{"name":"When  User creates object with endpoint objects having Grey and 256","time":{"start":1730982467767,"stop":1730982468700,"duration":933},"status":"passed","steps":[],"attachments":[],"parameters":[{"name":"Request URI","value":"https://api.restful-api.dev/objects"},{"name":"Request Body","value":"{\"name\":\"Test\",\"data\": {\"color\":\"Grey\", \"capacityGB\":\"256\"}}"}],"attachmentStep":false,"hasContent":true,"stepsCount":0,"attachmentsCount":0,"shouldDisplayMessage":false},{"name":"Then  User verifies object is created with color Grey, capacity GB and status 400","time":{"start":1730982468701,"stop":1730982468703,"duration":2},"status":"failed","statusMessage":"  Received Incorrect Status Code: 200\r\n  Expected: 400\r\n  But was:  200\r\n","statusTrace":"NUnit.Framework.AssertionException:   Received Incorrect Status Code: 200\r\n  Expected: 400\r\n  But was:  200\r\n\r\n   at NUnit.Framework.Assert.ReportFailure(String message)\r\n   at NUnit.Framework.Assert.ReportFailure(ConstraintResult result, String message, Object[] args)\r\n   at NUnit.Framework.Assert.That[TActual](TActual actual, IResolveConstraint expression, String message, Object[] args)\r\n   at NUnit.Framework.Assert.AreEqual(Object expected, Object actual, String message, Object[] args)\r\n   at demoTest.StepDefinitions.APITestStepDefinitions.user_verifies_object_is_created(String color, Int32 statusCode) in C:\\Users\\vasudev.singh\\source\\repos\\demoTest\\demoTest\\StepDefinitions\\APITestStepDefinitions.cs:line 95\r\n   at TechTalk.SpecFlow.Bindings.BindingInvoker.InvokeBinding(IBinding binding, IContextManager contextManager, Object[] arguments, ITestTracer testTracer, TimeSpan& duration)\r\n   at Allure.SpecFlowPlugin.AllureBindingInvoker.InvokeBinding(IBinding binding, IContextManager contextManager, Object[] arguments, ITestTracer testTracer, TimeSpan& duration)\r\n   at TechTalk.SpecFlow.Infrastructure.TestExecutionEngine.ExecuteStepMatch(BindingMatch match, Object[] arguments, TimeSpan& duration)\r\n   at TechTalk.SpecFlow.Infrastructure.TestExecutionEngine.ExecuteStep(IContextManager contextManager, StepInstance stepInstance)","steps":[],"attachments":[],"parameters":[{"name":"Response Status","value":"OK"},{"name":"Response Body","value":"{\"id\":\"ff80818192925da7019306985afa7e12\",\"name\":\"Test\",\"createdAt\":\"2024-11-07T12:27:48.346+00:00\",\"data\":{\"color\":\"Grey\",\"capacityGB\":\"256\"}}"}],"attachmentStep":false,"hasContent":true,"stepsCount":0,"attachmentsCount":0,"shouldDisplayMessage":true}],"attachments":[{"uid":"84c221aacfb01e06","name":"Failed Screenshot","source":"84c221aacfb01e06.png","type":"image/png","size":6406}],"parameters":[],"attachmentStep":false,"hasContent":true,"stepsCount":3,"attachmentsCount":1,"shouldDisplayMessage":false},"afterStages":[{"name":"AfterScenario [10000]","time":{"start":1730982468996,"stop":1730982469222,"duration":226},"status":"passed","steps":[],"attachments":[],"parameters":[],"attachmentStep":false,"hasContent":false,"stepsCount":0,"attachmentsCount":0,"shouldDisplayMessage":false},{"name":"AfterFeature [10000]","time":{"start":1730982469229,"stop":1730982469229,"duration":0},"status":"passed","steps":[],"attachments":[],"parameters":[],"attachmentStep":false,"hasContent":false,"stepsCount":0,"attachmentsCount":0,"shouldDisplayMessage":false}],"labels":[{"name":"thread","value":"ParallelWorker#1"},{"name":"host","value":"SDET-LT88"},{"name":"language","value":"C#"},{"name":"framework","value":"SpecFlow"},{"name":"feature","value":"APITest"},{"name":"tag","value":"ApiTest"},{"name":"resultFormat","value":"allure2"}],"parameters":[{"name":"Color","value":"\"Grey\""},{"name":"Endpoint","value":"\"objects\""},{"name":"StatusCode","value":"\"400\""},{"name":"capacityGB","value":"\"256\""}],"links":[],"hidden":false,"retry":false,"extra":{"severity":"normal","retries":[],"categories":[{"name":"Product defects","matchedStatuses":[],"flaky":false}],"tags":["ApiTest"]},"source":"9801db53427d4a03.json","parameterValues":["\"Grey\"","\"objects\"","\"400\"","\"256\""]}