{"uid":"be77b7b5cefeffb7","name":"Verify object details recieved using ID","fullName":"demoTest/Features/APITestRestSharp/Verify object details recieved using ID","historyId":"c86a355039518090f97c3838024b40f7","time":{"start":1730982475251,"stop":1730982476583,"duration":1332},"status":"failed","statusMessage":"  Incorrect name value found in response\r\n  Expected string length 7 but was 22. Strings differ at index 7.\r\n  Expected: \"Samsung\"\r\n  But was:  \"Samsung Galaxy Z Fold2\"\r\n  ------------------^\r\n","statusTrace":"NUnit.Framework.AssertionException:   Incorrect name value found in response\r\n  Expected string length 7 but was 22. Strings differ at index 7.\r\n  Expected: \"Samsung\"\r\n  But was:  \"Samsung Galaxy Z Fold2\"\r\n  ------------------^\r\n\r\n   at NUnit.Framework.Assert.ReportFailure(String message)\r\n   at NUnit.Framework.Assert.ReportFailure(ConstraintResult result, String message, Object[] args)\r\n   at NUnit.Framework.Assert.That[TActual](TActual actual, IResolveConstraint expression, String message, Object[] args)\r\n   at NUnit.Framework.Assert.AreEqual(Object expected, Object actual, String message, Object[] args)\r\n   at demoTest.StepDefinitions.APITestStepDefinitionsRestSharp.ThenUserShouldRecieveObjectWithNameAndStatusCode(String name, Int32 statusCode) in C:\\Users\\vasudev.singh\\source\\repos\\demoTest\\demoTest\\StepDefinitions\\APITestStepDefinitionsRestSharp.cs:line 76\r\n   at TechTalk.SpecFlow.Bindings.BindingInvoker.InvokeBinding(IBinding binding, IContextManager contextManager, Object[] arguments, ITestTracer testTracer, TimeSpan& duration)\r\n   at Allure.SpecFlowPlugin.AllureBindingInvoker.InvokeBinding(IBinding binding, IContextManager contextManager, Object[] arguments, ITestTracer testTracer, TimeSpan& duration)\r\n   at TechTalk.SpecFlow.Infrastructure.TestExecutionEngine.ExecuteStepMatch(BindingMatch match, Object[] arguments, TimeSpan& duration)\r\n   at TechTalk.SpecFlow.Infrastructure.TestExecutionEngine.ExecuteStep(IContextManager contextManager, StepInstance stepInstance)","flaky":false,"newFailed":false,"newBroken":false,"newPassed":false,"retriesCount":0,"retriesStatusChange":false,"beforeStages":[{"name":"BeforeFeature [10000]","time":{"start":1730982469232,"stop":1730982469232,"duration":0},"status":"passed","steps":[],"attachments":[],"parameters":[],"attachmentStep":false,"hasContent":false,"stepsCount":0,"attachmentsCount":0,"shouldDisplayMessage":false},{"name":"FirstBeforeScenario [1]","time":{"start":1730982473076,"stop":1730982475251,"duration":2175},"status":"passed","steps":[],"attachments":[],"parameters":[],"attachmentStep":false,"hasContent":false,"stepsCount":0,"attachmentsCount":0,"shouldDisplayMessage":false}],"testStage":{"status":"failed","statusMessage":"  Incorrect name value found in response\r\n  Expected string length 7 but was 22. Strings differ at index 7.\r\n  Expected: \"Samsung\"\r\n  But was:  \"Samsung Galaxy Z Fold2\"\r\n  ------------------^\r\n","statusTrace":"NUnit.Framework.AssertionException:   Incorrect name value found in response\r\n  Expected string length 7 but was 22. Strings differ at index 7.\r\n  Expected: \"Samsung\"\r\n  But was:  \"Samsung Galaxy Z Fold2\"\r\n  ------------------^\r\n\r\n   at NUnit.Framework.Assert.ReportFailure(String message)\r\n   at NUnit.Framework.Assert.ReportFailure(ConstraintResult result, String message, Object[] args)\r\n   at NUnit.Framework.Assert.That[TActual](TActual actual, IResolveConstraint expression, String message, Object[] args)\r\n   at NUnit.Framework.Assert.AreEqual(Object expected, Object actual, String message, Object[] args)\r\n   at demoTest.StepDefinitions.APITestStepDefinitionsRestSharp.ThenUserShouldRecieveObjectWithNameAndStatusCode(String name, Int32 statusCode) in C:\\Users\\vasudev.singh\\source\\repos\\demoTest\\demoTest\\StepDefinitions\\APITestStepDefinitionsRestSharp.cs:line 76\r\n   at TechTalk.SpecFlow.Bindings.BindingInvoker.InvokeBinding(IBinding binding, IContextManager contextManager, Object[] arguments, ITestTracer testTracer, TimeSpan& duration)\r\n   at Allure.SpecFlowPlugin.AllureBindingInvoker.InvokeBinding(IBinding binding, IContextManager contextManager, Object[] arguments, ITestTracer testTracer, TimeSpan& duration)\r\n   at TechTalk.SpecFlow.Infrastructure.TestExecutionEngine.ExecuteStepMatch(BindingMatch match, Object[] arguments, TimeSpan& duration)\r\n   at TechTalk.SpecFlow.Infrastructure.TestExecutionEngine.ExecuteStep(IContextManager contextManager, StepInstance stepInstance)","steps":[{"name":"Given  User has an ID 5 to request for objects","time":{"start":1730982475251,"stop":1730982475251,"duration":0},"status":"passed","steps":[],"attachments":[],"parameters":[{"name":"ID","value":"5"},{"name":"Request URI","value":"https://api.restful-api.dev/objects/5"}],"attachmentStep":false,"hasContent":true,"stepsCount":0,"attachmentsCount":0,"shouldDisplayMessage":false},{"name":"When  User requests details using endpoint and ID 5","time":{"start":1730982475251,"stop":1730982476290,"duration":1039},"status":"passed","steps":[],"attachments":[],"parameters":[{"name":"Response Status","value":"OK"},{"name":"Response Body","value":"{\"id\":\"5\",\"name\":\"Samsung Galaxy Z Fold2\",\"data\":{\"price\":689.99,\"color\":\"Brown\"}}"}],"attachmentStep":false,"hasContent":true,"stepsCount":0,"attachmentsCount":0,"shouldDisplayMessage":false},{"name":"Then  User should recieve object details with name as Samsung and status code 200","time":{"start":1730982476290,"stop":1730982476294,"duration":4},"status":"failed","statusMessage":"  Incorrect name value found in response\r\n  Expected string length 7 but was 22. Strings differ at index 7.\r\n  Expected: \"Samsung\"\r\n  But was:  \"Samsung Galaxy Z Fold2\"\r\n  ------------------^\r\n","statusTrace":"NUnit.Framework.AssertionException:   Incorrect name value found in response\r\n  Expected string length 7 but was 22. Strings differ at index 7.\r\n  Expected: \"Samsung\"\r\n  But was:  \"Samsung Galaxy Z Fold2\"\r\n  ------------------^\r\n\r\n   at NUnit.Framework.Assert.ReportFailure(String message)\r\n   at NUnit.Framework.Assert.ReportFailure(ConstraintResult result, String message, Object[] args)\r\n   at NUnit.Framework.Assert.That[TActual](TActual actual, IResolveConstraint expression, String message, Object[] args)\r\n   at NUnit.Framework.Assert.AreEqual(Object expected, Object actual, String message, Object[] args)\r\n   at demoTest.StepDefinitions.APITestStepDefinitionsRestSharp.ThenUserShouldRecieveObjectWithNameAndStatusCode(String name, Int32 statusCode) in C:\\Users\\vasudev.singh\\source\\repos\\demoTest\\demoTest\\StepDefinitions\\APITestStepDefinitionsRestSharp.cs:line 76\r\n   at TechTalk.SpecFlow.Bindings.BindingInvoker.InvokeBinding(IBinding binding, IContextManager contextManager, Object[] arguments, ITestTracer testTracer, TimeSpan& duration)\r\n   at Allure.SpecFlowPlugin.AllureBindingInvoker.InvokeBinding(IBinding binding, IContextManager contextManager, Object[] arguments, ITestTracer testTracer, TimeSpan& duration)\r\n   at TechTalk.SpecFlow.Infrastructure.TestExecutionEngine.ExecuteStepMatch(BindingMatch match, Object[] arguments, TimeSpan& duration)\r\n   at TechTalk.SpecFlow.Infrastructure.TestExecutionEngine.ExecuteStep(IContextManager contextManager, StepInstance stepInstance)","steps":[],"attachments":[],"parameters":[],"attachmentStep":false,"hasContent":true,"stepsCount":0,"attachmentsCount":0,"shouldDisplayMessage":true}],"attachments":[{"uid":"a0ea470349011484","name":"Failed Screenshot","source":"a0ea470349011484.png","type":"image/png","size":6406}],"parameters":[],"attachmentStep":false,"hasContent":true,"stepsCount":3,"attachmentsCount":1,"shouldDisplayMessage":false},"afterStages":[{"name":"AfterScenario [10000]","time":{"start":1730982476583,"stop":1730982476810,"duration":227},"status":"passed","steps":[],"attachments":[],"parameters":[],"attachmentStep":false,"hasContent":false,"stepsCount":0,"attachmentsCount":0,"shouldDisplayMessage":false},{"name":"AfterFeature [10000]","time":{"start":1730982483597,"stop":1730982483597,"duration":0},"status":"passed","steps":[],"attachments":[],"parameters":[],"attachmentStep":false,"hasContent":false,"stepsCount":0,"attachmentsCount":0,"shouldDisplayMessage":false}],"labels":[{"name":"thread","value":"ParallelWorker#1"},{"name":"host","value":"SDET-LT88"},{"name":"language","value":"C#"},{"name":"framework","value":"SpecFlow"},{"name":"feature","value":"APITestRestSharp"},{"name":"tag","value":"ApiTest"},{"name":"resultFormat","value":"allure2"}],"parameters":[{"name":"Endpoint","value":"\"objects\""},{"name":"ID","value":"\"5\""},{"name":"Name","value":"\"Samsung\""},{"name":"StatusCode","value":"\"200\""}],"links":[],"hidden":false,"retry":false,"extra":{"severity":"normal","retries":[],"categories":[{"name":"Product defects","matchedStatuses":[],"flaky":false}],"tags":["ApiTest"]},"source":"be77b7b5cefeffb7.json","parameterValues":["\"objects\"","\"5\"","\"Samsung\"","\"200\""]}